Performing C SOURCE FILE Test CMAKE_HAVE_LIBC_PTHREAD failed with the following output:
Change Dir: /home/yu/Git_repos/fiery_post_process/cmake-build-debug/CMakeFiles/CMakeTmp

Run Build Command(s):/usr/bin/make -f Makefile cmTC_f9116/fast && /usr/bin/make  -f CMakeFiles/cmTC_f9116.dir/build.make CMakeFiles/cmTC_f9116.dir/build
make[1]: Entering directory '/media/data/Git_repos/fiery_post_process/cmake-build-debug/CMakeFiles/CMakeTmp'
Building C object CMakeFiles/cmTC_f9116.dir/src.c.o
/usr/bin/cc -DCMAKE_HAVE_LIBC_PTHREAD   -o CMakeFiles/cmTC_f9116.dir/src.c.o -c /home/yu/Git_repos/fiery_post_process/cmake-build-debug/CMakeFiles/CMakeTmp/src.c
Linking C executable cmTC_f9116
/home/yu/Downloads/clion-2022.2.4/bin/cmake/linux/bin/cmake -E cmake_link_script CMakeFiles/cmTC_f9116.dir/link.txt --verbose=1
/usr/bin/cc CMakeFiles/cmTC_f9116.dir/src.c.o -o cmTC_f9116 
/usr/bin/ld: CMakeFiles/cmTC_f9116.dir/src.c.o: in function `main':
src.c:(.text+0x46): undefined reference to `pthread_create'
/usr/bin/ld: src.c:(.text+0x52): undefined reference to `pthread_detach'
/usr/bin/ld: src.c:(.text+0x5e): undefined reference to `pthread_cancel'
/usr/bin/ld: src.c:(.text+0x6f): undefined reference to `pthread_join'
collect2: error: ld returned 1 exit status
make[1]: *** [CMakeFiles/cmTC_f9116.dir/build.make:99: cmTC_f9116] Error 1
make[1]: Leaving directory '/media/data/Git_repos/fiery_post_process/cmake-build-debug/CMakeFiles/CMakeTmp'
make: *** [Makefile:127: cmTC_f9116/fast] Error 2


Source file was:
#include <pthread.h>

static void* test_func(void* data)
{
  return data;
}

int main(void)
{
  pthread_t thread;
  pthread_create(&thread, NULL, test_func, NULL);
  pthread_detach(thread);
  pthread_cancel(thread);
  pthread_join(thread, NULL);
  pthread_atfork(NULL, NULL, NULL);
  pthread_exit(NULL);

  return 0;
}

Determining if the function pthread_create exists in the pthreads failed with the following output:
Change Dir: /home/yu/Git_repos/fiery_post_process/cmake-build-debug/CMakeFiles/CMakeTmp

Run Build Command(s):/usr/bin/make -f Makefile cmTC_827a1/fast && /usr/bin/make  -f CMakeFiles/cmTC_827a1.dir/build.make CMakeFiles/cmTC_827a1.dir/build
make[1]: Entering directory '/media/data/Git_repos/fiery_post_process/cmake-build-debug/CMakeFiles/CMakeTmp'
Building C object CMakeFiles/cmTC_827a1.dir/CheckFunctionExists.c.o
/usr/bin/cc   -DCHECK_FUNCTION_EXISTS=pthread_create -o CMakeFiles/cmTC_827a1.dir/CheckFunctionExists.c.o -c /home/yu/Downloads/clion-2022.2.4/bin/cmake/linux/share/cmake-3.23/Modules/CheckFunctionExists.c
Linking C executable cmTC_827a1
/home/yu/Downloads/clion-2022.2.4/bin/cmake/linux/bin/cmake -E cmake_link_script CMakeFiles/cmTC_827a1.dir/link.txt --verbose=1
/usr/bin/cc  -DCHECK_FUNCTION_EXISTS=pthread_create CMakeFiles/cmTC_827a1.dir/CheckFunctionExists.c.o -o cmTC_827a1  -lpthreads 
/usr/bin/ld: cannot find -lpthreads
collect2: error: ld returned 1 exit status
make[1]: *** [CMakeFiles/cmTC_827a1.dir/build.make:99: cmTC_827a1] Error 1
make[1]: Leaving directory '/media/data/Git_repos/fiery_post_process/cmake-build-debug/CMakeFiles/CMakeTmp'
make: *** [Makefile:127: cmTC_827a1/fast] Error 2



Checking whether the CUDA compiler is NVIDIA using "" did not match "nvcc: NVIDIA \(R\) Cuda compiler driver":
Checking whether the CUDA compiler is Clang using "" did not match "(clang version)":
Compiling the CUDA compiler identification source file "CMakeCUDACompilerId.cu" failed.
Compiler: CMAKE_CUDA_COMPILER-NOTFOUND 
Build flags: 
Id flags:  -v

The output was:
No such file or directory


Compiling the CUDA compiler identification source file "CMakeCUDACompilerId.cu" failed.
Compiler: CMAKE_CUDA_COMPILER-NOTFOUND 
Build flags: 
Id flags:  -v

The output was:
No such file or directory


Checking whether the CUDA compiler is NVIDIA using "" did not match "nvcc: NVIDIA \(R\) Cuda compiler driver":
Checking whether the CUDA compiler is Clang using "" did not match "(clang version)":
Checking whether the CUDA compiler is NVIDIA using "" did not match "nvcc: NVIDIA \(R\) Cuda compiler driver":
Checking whether the CUDA compiler is Clang using "" did not match "(clang version)":
Checking whether the CUDA compiler is NVIDIA using "" did not match "nvcc: NVIDIA \(R\) Cuda compiler driver":
Checking whether the CUDA compiler is Clang using "" did not match "(clang version)":
